<?xml version="1.0" encoding="UTF-8"?>
<testng-results skipped="0" failed="0" total="1" passed="1">
  <reporter-output>
  </reporter-output>
  <suite name="Default suite" duration-ms="6114" started-at="2022-12-12T23:37:46Z" finished-at="2022-12-12T23:37:52Z">
    <groups>
    </groups>
    <test name="Default test" duration-ms="6114" started-at="2022-12-12T23:37:46Z" finished-at="2022-12-12T23:37:52Z">
      <class name="testNG_Project.AddCatagory">
        <test-method status="PASS" signature="toggleAll()[pri:0, instance:testNG_Project.AddCatagory@1fbc7afb]" name="toggleAll" duration-ms="6076" started-at="2022-12-12T17:37:46Z" finished-at="2022-12-12T17:37:52Z">
          <reporter-output>
          </reporter-output>
        </test-method> <!-- toggleAll -->
      </class> <!-- testNG_Project.AddCatagory -->
    </test> <!-- Default test -->
  </suite> <!-- Default suite -->
</testng-results>
